{
  "stats": {
    "suites": 1,
    "tests": 6,
    "passes": 6,
    "pending": 0,
    "failures": 0,
    "start": "2020-12-14T07:06:45.621Z",
    "end": "2020-12-14T07:06:45.647Z",
    "duration": 26,
    "testsRegistered": 6,
    "passPercent": 100,
    "pendingPercent": 0,
    "other": 0,
    "hasOther": false,
    "skipped": 0,
    "hasSkipped": false
  },
  "results": [
    {
      "uuid": "f573a41f-35db-4aec-bea6-fde77a8ce9dc",
      "title": "",
      "fullFile": "",
      "file": "",
      "beforeHooks": [],
      "afterHooks": [],
      "tests": [],
      "suites": [
        {
          "uuid": "0f2655a3-e4eb-4418-b9df-ba231aad862b",
          "title": "scenarios for 2 arguments",
          "fullFile": "C:\\Users\\Aksana_Zanko\\Desktop\\ATM\\ATM_HW_5\\ATM_HW_5\\test\\specs\\add.spec.js",
          "file": "\\test\\specs\\add.spec.js",
          "beforeHooks": [
            {
              "title": "\"before each\" hook in \"scenarios for 2 arguments\"",
              "fullTitle": "scenarios for 2 arguments \"before each\" hook in \"scenarios for 2 arguments\"",
              "timedOut": false,
              "duration": 0,
              "state": null,
              "speed": null,
              "pass": false,
              "fail": false,
              "pending": false,
              "context": null,
              "code": "result = new Calculator();",
              "err": {},
              "uuid": "14b439e9-c53f-4bee-a40a-34a88a968836",
              "parentUUID": "0f2655a3-e4eb-4418-b9df-ba231aad862b",
              "isHook": true,
              "skipped": false
            }
          ],
          "afterHooks": [
            {
              "title": "\"after each\" hook in \"scenarios for 2 arguments\"",
              "fullTitle": "scenarios for 2 arguments \"after each\" hook in \"scenarios for 2 arguments\"",
              "timedOut": false,
              "duration": 0,
              "state": null,
              "speed": null,
              "pass": false,
              "fail": false,
              "pending": false,
              "context": null,
              "code": "result = null;",
              "err": {},
              "uuid": "64d84a15-3a7b-469c-b301-d4085004b1ee",
              "parentUUID": "0f2655a3-e4eb-4418-b9df-ba231aad862b",
              "isHook": true,
              "skipped": false
            }
          ],
          "tests": [
            {
              "title": "Should return result =2 for 1+1",
              "fullTitle": "scenarios for 2 arguments Should return result =2 for 1+1",
              "timedOut": false,
              "duration": 1,
              "state": "passed",
              "speed": "fast",
              "pass": true,
              "fail": false,
              "pending": false,
              "context": null,
              "code": "expect(result.add(1,1)).to.be.equal(2);",
              "err": {},
              "uuid": "7405ff01-c440-4869-9b5a-eff90acff5ff",
              "parentUUID": "0f2655a3-e4eb-4418-b9df-ba231aad862b",
              "isHook": false,
              "skipped": false
            },
            {
              "title": "Should return result =1 for 1+0",
              "fullTitle": "scenarios for 2 arguments Should return result =1 for 1+0",
              "timedOut": false,
              "duration": 0,
              "state": "passed",
              "speed": "fast",
              "pass": true,
              "fail": false,
              "pending": false,
              "context": null,
              "code": "expect(result.add(1,0)).to.be.equal(1);",
              "err": {},
              "uuid": "95f3c0ca-9826-41d9-a0a1-8523e2ce9b30",
              "parentUUID": "0f2655a3-e4eb-4418-b9df-ba231aad862b",
              "isHook": false,
              "skipped": false
            },
            {
              "title": "Should return result =0 for -1+1",
              "fullTitle": "scenarios for 2 arguments Should return result =0 for -1+1",
              "timedOut": false,
              "duration": 0,
              "state": "passed",
              "speed": "fast",
              "pass": true,
              "fail": false,
              "pending": false,
              "context": null,
              "code": "expect(result.add(-1,1)).to.be.equal(0);",
              "err": {},
              "uuid": "dcd3d9f6-e636-4e39-9101-de8263e22fb2",
              "parentUUID": "0f2655a3-e4eb-4418-b9df-ba231aad862b",
              "isHook": false,
              "skipped": false
            },
            {
              "title": "Should return result =0 for 1*0",
              "fullTitle": "scenarios for 2 arguments Should return result =0 for 1*0",
              "timedOut": false,
              "duration": 0,
              "state": "passed",
              "speed": "fast",
              "pass": true,
              "fail": false,
              "pending": false,
              "context": null,
              "code": "expect(result.multiply(1,0)).to.be.equal(0);",
              "err": {},
              "uuid": "9d745afa-04aa-4e07-a0b3-046ecb9287f9",
              "parentUUID": "0f2655a3-e4eb-4418-b9df-ba231aad862b",
              "isHook": false,
              "skipped": false
            },
            {
              "title": "Should return result =1 for 1*1",
              "fullTitle": "scenarios for 2 arguments Should return result =1 for 1*1",
              "timedOut": false,
              "duration": 0,
              "state": "passed",
              "speed": "fast",
              "pass": true,
              "fail": false,
              "pending": false,
              "context": null,
              "code": "expect(result.multiply(1,1)).to.be.equal(1);",
              "err": {},
              "uuid": "8fcc4d4f-951b-4fec-bc60-c2cab6b3c26c",
              "parentUUID": "0f2655a3-e4eb-4418-b9df-ba231aad862b",
              "isHook": false,
              "skipped": false
            },
            {
              "title": "Should return result =1 for -1*1",
              "fullTitle": "scenarios for 2 arguments Should return result =1 for -1*1",
              "timedOut": false,
              "duration": 1,
              "state": "passed",
              "speed": "fast",
              "pass": true,
              "fail": false,
              "pending": false,
              "context": null,
              "code": "expect(result.multiply(-1,1)).to.be.equal(-1);",
              "err": {},
              "uuid": "6417c846-9135-4378-a002-58d348d51cfc",
              "parentUUID": "0f2655a3-e4eb-4418-b9df-ba231aad862b",
              "isHook": false,
              "skipped": false
            }
          ],
          "suites": [],
          "passes": [
            "7405ff01-c440-4869-9b5a-eff90acff5ff",
            "95f3c0ca-9826-41d9-a0a1-8523e2ce9b30",
            "dcd3d9f6-e636-4e39-9101-de8263e22fb2",
            "9d745afa-04aa-4e07-a0b3-046ecb9287f9",
            "8fcc4d4f-951b-4fec-bc60-c2cab6b3c26c",
            "6417c846-9135-4378-a002-58d348d51cfc"
          ],
          "failures": [],
          "pending": [],
          "skipped": [],
          "duration": 2,
          "root": false,
          "rootEmpty": false,
          "_timeout": 2000
        }
      ],
      "passes": [],
      "failures": [],
      "pending": [],
      "skipped": [],
      "duration": 0,
      "root": true,
      "rootEmpty": true,
      "_timeout": 2000
    }
  ],
  "meta": {
    "mocha": {
      "version": "8.2.1"
    },
    "mochawesome": {
      "options": {
        "quiet": false,
        "reportFilename": "mochawesome",
        "saveHtml": true,
        "saveJson": true,
        "consoleReporter": "spec",
        "useInlineDiffs": false,
        "code": true
      },
      "version": "6.2.1"
    },
    "marge": {
      "options": null,
      "version": "5.1.0"
    }
  }
}